CRITICAL - 2023-12-21 12:00:09 --> Cannot call constructor
in APPPATH\Controllers\Home.php on line 10.
 1 SYSTEMPATH\CodeIgniter.php(914): App\Controllers\Home->__construct()
 2 SYSTEMPATH\CodeIgniter.php(493): CodeIgniter\CodeIgniter->createController()
 3 SYSTEMPATH\CodeIgniter.php(361): CodeIgniter\CodeIgniter->handleRequest(null, Object(Config\Cache), false)
 4 FCPATH\index.php(79): CodeIgniter\CodeIgniter->run()
 5 SYSTEMPATH\Commands\Server\rewrite.php(47): require_once('C:\\Users\\Lenovo\\Documents\\codeigniter4-framework-a033985\\public\\index.php')
CRITICAL - 2023-12-21 12:00:43 --> Cannot call constructor
in APPPATH\Controllers\Home.php on line 10.
 1 SYSTEMPATH\CodeIgniter.php(914): App\Controllers\Home->__construct()
 2 SYSTEMPATH\CodeIgniter.php(493): CodeIgniter\CodeIgniter->createController()
 3 SYSTEMPATH\CodeIgniter.php(361): CodeIgniter\CodeIgniter->handleRequest(null, Object(Config\Cache), false)
 4 FCPATH\index.php(79): CodeIgniter\CodeIgniter->run()
 5 SYSTEMPATH\Commands\Server\rewrite.php(47): require_once('C:\\Users\\Lenovo\\Documents\\codeigniter4-framework-a033985\\public\\index.php')
CRITICAL - 2023-12-21 12:00:53 --> Cannot call constructor
in APPPATH\Controllers\Home.php on line 10.
 1 SYSTEMPATH\CodeIgniter.php(914): App\Controllers\Home->__construct()
 2 SYSTEMPATH\CodeIgniter.php(493): CodeIgniter\CodeIgniter->createController()
 3 SYSTEMPATH\CodeIgniter.php(361): CodeIgniter\CodeIgniter->handleRequest(null, Object(Config\Cache), false)
 4 FCPATH\index.php(79): CodeIgniter\CodeIgniter->run()
 5 SYSTEMPATH\Commands\Server\rewrite.php(47): require_once('C:\\Users\\Lenovo\\Documents\\codeigniter4-framework-a033985\\public\\index.php')
CRITICAL - 2023-12-21 12:03:59 --> Cannot call constructor
in APPPATH\Controllers\Home.php on line 12.
 1 SYSTEMPATH\CodeIgniter.php(914): App\Controllers\Home->__construct()
 2 SYSTEMPATH\CodeIgniter.php(493): CodeIgniter\CodeIgniter->createController()
 3 SYSTEMPATH\CodeIgniter.php(361): CodeIgniter\CodeIgniter->handleRequest(null, Object(Config\Cache), false)
 4 FCPATH\index.php(79): CodeIgniter\CodeIgniter->run()
 5 SYSTEMPATH\Commands\Server\rewrite.php(47): require_once('C:\\Users\\Lenovo\\Documents\\codeigniter4-framework-a033985\\public\\index.php')
CRITICAL - 2023-12-21 12:04:44 --> Class "CI_Controller" not found
in APPPATH\Controllers\Data.php on line 2.
 1 SYSTEMPATH\Router\AutoRouter.php(161): include_once()
 2 SYSTEMPATH\Router\Router.php(514): CodeIgniter\Router\AutoRouter->getRoute('data', 'get')
 3 SYSTEMPATH\Router\Router.php(210): CodeIgniter\Router\Router->autoRoute('data')
 4 SYSTEMPATH\CodeIgniter.php(823): CodeIgniter\Router\Router->handle('data')
 5 SYSTEMPATH\CodeIgniter.php(450): CodeIgniter\CodeIgniter->tryToRouteIt(Object(CodeIgniter\Router\RouteCollection))
 6 SYSTEMPATH\CodeIgniter.php(361): CodeIgniter\CodeIgniter->handleRequest(null, Object(Config\Cache), false)
 7 FCPATH\index.php(79): CodeIgniter\CodeIgniter->run()
 8 SYSTEMPATH\Commands\Server\rewrite.php(47): require_once('C:\\Users\\Lenovo\\Documents\\codeigniter4-framework-a033985\\public\\index.php')
CRITICAL - 2023-12-21 12:08:40 --> Cannot call constructor
in APPPATH\Controllers\Home.php on line 12.
 1 SYSTEMPATH\CodeIgniter.php(914): App\Controllers\Home->__construct()
 2 SYSTEMPATH\CodeIgniter.php(493): CodeIgniter\CodeIgniter->createController()
 3 SYSTEMPATH\CodeIgniter.php(361): CodeIgniter\CodeIgniter->handleRequest(null, Object(Config\Cache), false)
 4 FCPATH\index.php(79): CodeIgniter\CodeIgniter->run()
 5 SYSTEMPATH\Commands\Server\rewrite.php(47): require_once('C:\\Users\\Lenovo\\Documents\\codeigniter4-framework-a033985\\public\\index.php')
CRITICAL - 2023-12-21 12:15:30 --> Cannot call constructor
in APPPATH\Controllers\Home.php on line 12.
 1 SYSTEMPATH\CodeIgniter.php(914): App\Controllers\Home->__construct()
 2 SYSTEMPATH\CodeIgniter.php(493): CodeIgniter\CodeIgniter->createController()
 3 SYSTEMPATH\CodeIgniter.php(361): CodeIgniter\CodeIgniter->handleRequest(null, Object(Config\Cache), false)
 4 FCPATH\index.php(79): CodeIgniter\CodeIgniter->run()
 5 SYSTEMPATH\Commands\Server\rewrite.php(47): require_once('C:\\Users\\Lenovo\\Documents\\codeigniter4-framework-a033985\\public\\index.php')
CRITICAL - 2023-12-21 12:24:27 --> Cannot call constructor
in APPPATH\Controllers\Home.php on line 12.
 1 SYSTEMPATH\CodeIgniter.php(914): App\Controllers\Home->__construct()
 2 SYSTEMPATH\CodeIgniter.php(493): CodeIgniter\CodeIgniter->createController()
 3 SYSTEMPATH\CodeIgniter.php(361): CodeIgniter\CodeIgniter->handleRequest(null, Object(Config\Cache), false)
 4 FCPATH\index.php(79): CodeIgniter\CodeIgniter->run()
 5 SYSTEMPATH\Commands\Server\rewrite.php(47): require_once('C:\\Users\\Lenovo\\Documents\\codeigniter4-framework-a033985\\public\\index.php')
CRITICAL - 2023-12-21 12:26:01 --> Cannot call constructor
in APPPATH\Controllers\Home.php on line 12.
 1 SYSTEMPATH\CodeIgniter.php(914): App\Controllers\Home->__construct()
 2 SYSTEMPATH\CodeIgniter.php(493): CodeIgniter\CodeIgniter->createController()
 3 SYSTEMPATH\CodeIgniter.php(361): CodeIgniter\CodeIgniter->handleRequest(null, Object(Config\Cache), false)
 4 FCPATH\index.php(79): CodeIgniter\CodeIgniter->run()
 5 SYSTEMPATH\Commands\Server\rewrite.php(47): require_once('C:\\Users\\Lenovo\\Documents\\codeigniter4-framework-a033985\\public\\index.php')
CRITICAL - 2023-12-21 12:26:16 --> Cannot call constructor
in APPPATH\Controllers\Home.php on line 12.
 1 SYSTEMPATH\CodeIgniter.php(914): App\Controllers\Home->__construct()
 2 SYSTEMPATH\CodeIgniter.php(493): CodeIgniter\CodeIgniter->createController()
 3 SYSTEMPATH\CodeIgniter.php(361): CodeIgniter\CodeIgniter->handleRequest(null, Object(Config\Cache), false)
 4 FCPATH\index.php(79): CodeIgniter\CodeIgniter->run()
 5 SYSTEMPATH\Commands\Server\rewrite.php(47): require_once('C:\\Users\\Lenovo\\Documents\\codeigniter4-framework-a033985\\public\\index.php')
CRITICAL - 2023-12-21 12:34:08 --> Cannot redeclare App\Controllers\Home::__construct()
in APPPATH\Controllers\Home.php on line 15.
 1 [internal function]: CodeIgniter\Debug\Exceptions->shutdownHandler()
CRITICAL - 2023-12-21 12:34:19 --> Cannot redeclare App\Controllers\Home::__construct()
in APPPATH\Controllers\Home.php on line 15.
 1 [internal function]: CodeIgniter\Debug\Exceptions->shutdownHandler()
ERROR - 2023-12-21 12:41:48 --> Error connecting to the database: Error: Call to undefined function CodeIgniter\Database\Postgre\pg_connect() in C:\Users\Lenovo\Documents\codeigniter4-framework-a033985\system\Database\Postgre\Connection.php:72
Stack trace:
#0 C:\Users\Lenovo\Documents\codeigniter4-framework-a033985\system\Database\BaseConnection.php(392): CodeIgniter\Database\Postgre\Connection->connect(false)
#1 C:\Users\Lenovo\Documents\codeigniter4-framework-a033985\system\Database\BaseConnection.php(575): CodeIgniter\Database\BaseConnection->initialize()
#2 C:\Users\Lenovo\Documents\codeigniter4-framework-a033985\system\Database\BaseBuilder.php(1615): CodeIgniter\Database\BaseConnection->query('SELECT *\nFROM "...', Array, false)
#3 C:\Users\Lenovo\Documents\codeigniter4-framework-a033985\system\Model.php(237): CodeIgniter\Database\BaseBuilder->get()
#4 C:\Users\Lenovo\Documents\codeigniter4-framework-a033985\system\BaseModel.php(624): CodeIgniter\Model->doFindAll(0, 0)
#5 C:\Users\Lenovo\Documents\codeigniter4-framework-a033985\app\Models\Data_model.php(13): CodeIgniter\BaseModel->findAll()
#6 C:\Users\Lenovo\Documents\codeigniter4-framework-a033985\app\Controllers\hamdanasu.php(15): App\Models\Data_model->get_users()
#7 C:\Users\Lenovo\Documents\codeigniter4-framework-a033985\system\CodeIgniter.php(942): App\Controllers\hamdanasu->index()
#8 C:\Users\Lenovo\Documents\codeigniter4-framework-a033985\system\CodeIgniter.php(502): CodeIgniter\CodeIgniter->runController(Object(App\Controllers\hamdanasu))
#9 C:\Users\Lenovo\Documents\codeigniter4-framework-a033985\system\CodeIgniter.php(361): CodeIgniter\CodeIgniter->handleRequest(NULL, Object(Config\Cache), false)
#10 C:\Users\Lenovo\Documents\codeigniter4-framework-a033985\public\index.php(79): CodeIgniter\CodeIgniter->run()
#11 C:\Users\Lenovo\Documents\codeigniter4-framework-a033985\system\Commands\Server\rewrite.php(47): require_once('C:\\Users\\Lenovo...')
#12 {main}
CRITICAL - 2023-12-21 12:41:48 --> Unable to connect to the database.
Main connection [postgre]: Call to undefined function CodeIgniter\Database\Postgre\pg_connect()
in SYSTEMPATH\Database\BaseConnection.php on line 428.
 1 SYSTEMPATH\Database\BaseConnection.php(575): CodeIgniter\Database\BaseConnection->initialize()
 2 SYSTEMPATH\Database\BaseBuilder.php(1615): CodeIgniter\Database\BaseConnection->query('SELECT *
FROM "updatedata"', [], false)
 3 SYSTEMPATH\Model.php(237): CodeIgniter\Database\BaseBuilder->get()
 4 SYSTEMPATH\BaseModel.php(624): CodeIgniter\Model->doFindAll(0, 0)
 5 APPPATH\Models\Data_model.php(13): CodeIgniter\BaseModel->findAll()
 6 APPPATH\Controllers\hamdanasu.php(15): App\Models\Data_model->get_users()
 7 SYSTEMPATH\CodeIgniter.php(942): App\Controllers\hamdanasu->index()
 8 SYSTEMPATH\CodeIgniter.php(502): CodeIgniter\CodeIgniter->runController(Object(App\Controllers\hamdanasu))
 9 SYSTEMPATH\CodeIgniter.php(361): CodeIgniter\CodeIgniter->handleRequest(null, Object(Config\Cache), false)
10 FCPATH\index.php(79): CodeIgniter\CodeIgniter->run()
11 SYSTEMPATH\Commands\Server\rewrite.php(47): require_once('C:\\Users\\Lenovo\\Documents\\codeigniter4-framework-a033985\\public\\index.php')
ERROR - 2023-12-21 12:43:48 --> Error connecting to the database: Error: Call to undefined function CodeIgniter\Database\Postgre\pg_connect() in C:\Users\Lenovo\Documents\codeigniter4-framework-a033985\system\Database\Postgre\Connection.php:72
Stack trace:
#0 C:\Users\Lenovo\Documents\codeigniter4-framework-a033985\system\Database\BaseConnection.php(392): CodeIgniter\Database\Postgre\Connection->connect(false)
#1 C:\Users\Lenovo\Documents\codeigniter4-framework-a033985\system\Database\BaseConnection.php(575): CodeIgniter\Database\BaseConnection->initialize()
#2 C:\Users\Lenovo\Documents\codeigniter4-framework-a033985\system\Database\BaseBuilder.php(1615): CodeIgniter\Database\BaseConnection->query('SELECT *\nFROM "...', Array, false)
#3 C:\Users\Lenovo\Documents\codeigniter4-framework-a033985\system\Model.php(237): CodeIgniter\Database\BaseBuilder->get()
#4 C:\Users\Lenovo\Documents\codeigniter4-framework-a033985\system\BaseModel.php(624): CodeIgniter\Model->doFindAll(0, 0)
#5 C:\Users\Lenovo\Documents\codeigniter4-framework-a033985\app\Models\Data_model.php(13): CodeIgniter\BaseModel->findAll()
#6 C:\Users\Lenovo\Documents\codeigniter4-framework-a033985\app\Controllers\hamdanasu.php(15): App\Models\Data_model->get_users()
#7 C:\Users\Lenovo\Documents\codeigniter4-framework-a033985\system\CodeIgniter.php(942): App\Controllers\hamdanasu->index()
#8 C:\Users\Lenovo\Documents\codeigniter4-framework-a033985\system\CodeIgniter.php(502): CodeIgniter\CodeIgniter->runController(Object(App\Controllers\hamdanasu))
#9 C:\Users\Lenovo\Documents\codeigniter4-framework-a033985\system\CodeIgniter.php(361): CodeIgniter\CodeIgniter->handleRequest(NULL, Object(Config\Cache), false)
#10 C:\Users\Lenovo\Documents\codeigniter4-framework-a033985\public\index.php(79): CodeIgniter\CodeIgniter->run()
#11 C:\Users\Lenovo\Documents\codeigniter4-framework-a033985\system\Commands\Server\rewrite.php(47): require_once('C:\\Users\\Lenovo...')
#12 {main}
CRITICAL - 2023-12-21 12:43:48 --> Unable to connect to the database.
Main connection [postgre]: Call to undefined function CodeIgniter\Database\Postgre\pg_connect()
in SYSTEMPATH\Database\BaseConnection.php on line 428.
 1 SYSTEMPATH\Database\BaseConnection.php(575): CodeIgniter\Database\BaseConnection->initialize()
 2 SYSTEMPATH\Database\BaseBuilder.php(1615): CodeIgniter\Database\BaseConnection->query('SELECT *
FROM "updatedata"', [], false)
 3 SYSTEMPATH\Model.php(237): CodeIgniter\Database\BaseBuilder->get()
 4 SYSTEMPATH\BaseModel.php(624): CodeIgniter\Model->doFindAll(0, 0)
 5 APPPATH\Models\Data_model.php(13): CodeIgniter\BaseModel->findAll()
 6 APPPATH\Controllers\hamdanasu.php(15): App\Models\Data_model->get_users()
 7 SYSTEMPATH\CodeIgniter.php(942): App\Controllers\hamdanasu->index()
 8 SYSTEMPATH\CodeIgniter.php(502): CodeIgniter\CodeIgniter->runController(Object(App\Controllers\hamdanasu))
 9 SYSTEMPATH\CodeIgniter.php(361): CodeIgniter\CodeIgniter->handleRequest(null, Object(Config\Cache), false)
10 FCPATH\index.php(79): CodeIgniter\CodeIgniter->run()
11 SYSTEMPATH\Commands\Server\rewrite.php(47): require_once('C:\\Users\\Lenovo\\Documents\\codeigniter4-framework-a033985\\public\\index.php')
ERROR - 2023-12-21 12:44:24 --> Error connecting to the database: Error: Call to undefined function CodeIgniter\Database\Postgre\pg_connect() in C:\Users\Lenovo\Documents\codeigniter4-framework-a033985\system\Database\Postgre\Connection.php:72
Stack trace:
#0 C:\Users\Lenovo\Documents\codeigniter4-framework-a033985\system\Database\BaseConnection.php(392): CodeIgniter\Database\Postgre\Connection->connect(false)
#1 C:\Users\Lenovo\Documents\codeigniter4-framework-a033985\system\Database\BaseConnection.php(575): CodeIgniter\Database\BaseConnection->initialize()
#2 C:\Users\Lenovo\Documents\codeigniter4-framework-a033985\system\Database\BaseBuilder.php(1615): CodeIgniter\Database\BaseConnection->query('SELECT *\nFROM "...', Array, false)
#3 C:\Users\Lenovo\Documents\codeigniter4-framework-a033985\system\Model.php(237): CodeIgniter\Database\BaseBuilder->get()
#4 C:\Users\Lenovo\Documents\codeigniter4-framework-a033985\system\BaseModel.php(624): CodeIgniter\Model->doFindAll(0, 0)
#5 C:\Users\Lenovo\Documents\codeigniter4-framework-a033985\app\Models\Data_model.php(13): CodeIgniter\BaseModel->findAll()
#6 C:\Users\Lenovo\Documents\codeigniter4-framework-a033985\app\Controllers\hamdanasu.php(15): App\Models\Data_model->get_users()
#7 C:\Users\Lenovo\Documents\codeigniter4-framework-a033985\system\CodeIgniter.php(942): App\Controllers\hamdanasu->index()
#8 C:\Users\Lenovo\Documents\codeigniter4-framework-a033985\system\CodeIgniter.php(502): CodeIgniter\CodeIgniter->runController(Object(App\Controllers\hamdanasu))
#9 C:\Users\Lenovo\Documents\codeigniter4-framework-a033985\system\CodeIgniter.php(361): CodeIgniter\CodeIgniter->handleRequest(NULL, Object(Config\Cache), false)
#10 C:\Users\Lenovo\Documents\codeigniter4-framework-a033985\public\index.php(79): CodeIgniter\CodeIgniter->run()
#11 C:\Users\Lenovo\Documents\codeigniter4-framework-a033985\system\Commands\Server\rewrite.php(47): require_once('C:\\Users\\Lenovo...')
#12 {main}
CRITICAL - 2023-12-21 12:44:24 --> Unable to connect to the database.
Main connection [postgre]: Call to undefined function CodeIgniter\Database\Postgre\pg_connect()
in SYSTEMPATH\Database\BaseConnection.php on line 428.
 1 SYSTEMPATH\Database\BaseConnection.php(575): CodeIgniter\Database\BaseConnection->initialize()
 2 SYSTEMPATH\Database\BaseBuilder.php(1615): CodeIgniter\Database\BaseConnection->query('SELECT *
FROM "updatedata"', [], false)
 3 SYSTEMPATH\Model.php(237): CodeIgniter\Database\BaseBuilder->get()
 4 SYSTEMPATH\BaseModel.php(624): CodeIgniter\Model->doFindAll(0, 0)
 5 APPPATH\Models\Data_model.php(13): CodeIgniter\BaseModel->findAll()
 6 APPPATH\Controllers\hamdanasu.php(15): App\Models\Data_model->get_users()
 7 SYSTEMPATH\CodeIgniter.php(942): App\Controllers\hamdanasu->index()
 8 SYSTEMPATH\CodeIgniter.php(502): CodeIgniter\CodeIgniter->runController(Object(App\Controllers\hamdanasu))
 9 SYSTEMPATH\CodeIgniter.php(361): CodeIgniter\CodeIgniter->handleRequest(null, Object(Config\Cache), false)
10 FCPATH\index.php(79): CodeIgniter\CodeIgniter->run()
11 SYSTEMPATH\Commands\Server\rewrite.php(47): require_once('C:\\Users\\Lenovo\\Documents\\codeigniter4-framework-a033985\\public\\index.php')
ERROR - 2023-12-21 12:45:00 --> Error connecting to the database: Error: Call to undefined function CodeIgniter\Database\Postgre\pg_connect() in C:\Users\Lenovo\Documents\codeigniter4-framework-a033985\system\Database\Postgre\Connection.php:72
Stack trace:
#0 C:\Users\Lenovo\Documents\codeigniter4-framework-a033985\system\Database\BaseConnection.php(392): CodeIgniter\Database\Postgre\Connection->connect(false)
#1 C:\Users\Lenovo\Documents\codeigniter4-framework-a033985\system\Database\BaseConnection.php(575): CodeIgniter\Database\BaseConnection->initialize()
#2 C:\Users\Lenovo\Documents\codeigniter4-framework-a033985\system\Database\BaseBuilder.php(1615): CodeIgniter\Database\BaseConnection->query('SELECT *\nFROM "...', Array, false)
#3 C:\Users\Lenovo\Documents\codeigniter4-framework-a033985\system\Model.php(237): CodeIgniter\Database\BaseBuilder->get()
#4 C:\Users\Lenovo\Documents\codeigniter4-framework-a033985\system\BaseModel.php(624): CodeIgniter\Model->doFindAll(0, 0)
#5 C:\Users\Lenovo\Documents\codeigniter4-framework-a033985\app\Models\Data_model.php(13): CodeIgniter\BaseModel->findAll()
#6 C:\Users\Lenovo\Documents\codeigniter4-framework-a033985\app\Controllers\hamdanasu.php(15): App\Models\Data_model->get_users()
#7 C:\Users\Lenovo\Documents\codeigniter4-framework-a033985\system\CodeIgniter.php(942): App\Controllers\hamdanasu->index()
#8 C:\Users\Lenovo\Documents\codeigniter4-framework-a033985\system\CodeIgniter.php(502): CodeIgniter\CodeIgniter->runController(Object(App\Controllers\hamdanasu))
#9 C:\Users\Lenovo\Documents\codeigniter4-framework-a033985\system\CodeIgniter.php(361): CodeIgniter\CodeIgniter->handleRequest(NULL, Object(Config\Cache), false)
#10 C:\Users\Lenovo\Documents\codeigniter4-framework-a033985\public\index.php(79): CodeIgniter\CodeIgniter->run()
#11 C:\Users\Lenovo\Documents\codeigniter4-framework-a033985\system\Commands\Server\rewrite.php(47): require_once('C:\\Users\\Lenovo...')
#12 {main}
CRITICAL - 2023-12-21 12:45:00 --> Unable to connect to the database.
Main connection [postgre]: Call to undefined function CodeIgniter\Database\Postgre\pg_connect()
in SYSTEMPATH\Database\BaseConnection.php on line 428.
 1 SYSTEMPATH\Database\BaseConnection.php(575): CodeIgniter\Database\BaseConnection->initialize()
 2 SYSTEMPATH\Database\BaseBuilder.php(1615): CodeIgniter\Database\BaseConnection->query('SELECT *
FROM "updatedata"', [], false)
 3 SYSTEMPATH\Model.php(237): CodeIgniter\Database\BaseBuilder->get()
 4 SYSTEMPATH\BaseModel.php(624): CodeIgniter\Model->doFindAll(0, 0)
 5 APPPATH\Models\Data_model.php(13): CodeIgniter\BaseModel->findAll()
 6 APPPATH\Controllers\hamdanasu.php(15): App\Models\Data_model->get_users()
 7 SYSTEMPATH\CodeIgniter.php(942): App\Controllers\hamdanasu->index()
 8 SYSTEMPATH\CodeIgniter.php(502): CodeIgniter\CodeIgniter->runController(Object(App\Controllers\hamdanasu))
 9 SYSTEMPATH\CodeIgniter.php(361): CodeIgniter\CodeIgniter->handleRequest(null, Object(Config\Cache), false)
10 FCPATH\index.php(79): CodeIgniter\CodeIgniter->run()
11 SYSTEMPATH\Commands\Server\rewrite.php(47): require_once('C:\\Users\\Lenovo\\Documents\\codeigniter4-framework-a033985\\public\\index.php')
ERROR - 2023-12-21 12:45:58 --> Error connecting to the database: Error: Call to undefined function CodeIgniter\Database\Postgre\pg_connect() in C:\Users\Lenovo\Documents\codeigniter4-framework-a033985\system\Database\Postgre\Connection.php:72
Stack trace:
#0 C:\Users\Lenovo\Documents\codeigniter4-framework-a033985\system\Database\BaseConnection.php(392): CodeIgniter\Database\Postgre\Connection->connect(false)
#1 C:\Users\Lenovo\Documents\codeigniter4-framework-a033985\system\Database\BaseConnection.php(575): CodeIgniter\Database\BaseConnection->initialize()
#2 C:\Users\Lenovo\Documents\codeigniter4-framework-a033985\system\Database\BaseBuilder.php(1615): CodeIgniter\Database\BaseConnection->query('SELECT *\nFROM "...', Array, false)
#3 C:\Users\Lenovo\Documents\codeigniter4-framework-a033985\system\Model.php(237): CodeIgniter\Database\BaseBuilder->get()
#4 C:\Users\Lenovo\Documents\codeigniter4-framework-a033985\system\BaseModel.php(624): CodeIgniter\Model->doFindAll(0, 0)
#5 C:\Users\Lenovo\Documents\codeigniter4-framework-a033985\app\Models\Data_model.php(13): CodeIgniter\BaseModel->findAll()
#6 C:\Users\Lenovo\Documents\codeigniter4-framework-a033985\app\Controllers\hamdanasu.php(15): App\Models\Data_model->get_users()
#7 C:\Users\Lenovo\Documents\codeigniter4-framework-a033985\system\CodeIgniter.php(942): App\Controllers\hamdanasu->index()
#8 C:\Users\Lenovo\Documents\codeigniter4-framework-a033985\system\CodeIgniter.php(502): CodeIgniter\CodeIgniter->runController(Object(App\Controllers\hamdanasu))
#9 C:\Users\Lenovo\Documents\codeigniter4-framework-a033985\system\CodeIgniter.php(361): CodeIgniter\CodeIgniter->handleRequest(NULL, Object(Config\Cache), false)
#10 C:\Users\Lenovo\Documents\codeigniter4-framework-a033985\public\index.php(79): CodeIgniter\CodeIgniter->run()
#11 C:\Users\Lenovo\Documents\codeigniter4-framework-a033985\system\Commands\Server\rewrite.php(47): require_once('C:\\Users\\Lenovo...')
#12 {main}
CRITICAL - 2023-12-21 12:45:58 --> Unable to connect to the database.
Main connection [postgre]: Call to undefined function CodeIgniter\Database\Postgre\pg_connect()
in SYSTEMPATH\Database\BaseConnection.php on line 428.
 1 SYSTEMPATH\Database\BaseConnection.php(575): CodeIgniter\Database\BaseConnection->initialize()
 2 SYSTEMPATH\Database\BaseBuilder.php(1615): CodeIgniter\Database\BaseConnection->query('SELECT *
FROM "updatedata"', [], false)
 3 SYSTEMPATH\Model.php(237): CodeIgniter\Database\BaseBuilder->get()
 4 SYSTEMPATH\BaseModel.php(624): CodeIgniter\Model->doFindAll(0, 0)
 5 APPPATH\Models\Data_model.php(13): CodeIgniter\BaseModel->findAll()
 6 APPPATH\Controllers\hamdanasu.php(15): App\Models\Data_model->get_users()
 7 SYSTEMPATH\CodeIgniter.php(942): App\Controllers\hamdanasu->index()
 8 SYSTEMPATH\CodeIgniter.php(502): CodeIgniter\CodeIgniter->runController(Object(App\Controllers\hamdanasu))
 9 SYSTEMPATH\CodeIgniter.php(361): CodeIgniter\CodeIgniter->handleRequest(null, Object(Config\Cache), false)
10 FCPATH\index.php(79): CodeIgniter\CodeIgniter->run()
11 SYSTEMPATH\Commands\Server\rewrite.php(47): require_once('C:\\Users\\Lenovo\\Documents\\codeigniter4-framework-a033985\\public\\index.php')
ERROR - 2023-12-21 12:47:27 --> Error connecting to the database: Error: Call to undefined function CodeIgniter\Database\Postgre\pg_connect() in C:\Users\Lenovo\Documents\codeigniter4-framework-a033985\system\Database\Postgre\Connection.php:72
Stack trace:
#0 C:\Users\Lenovo\Documents\codeigniter4-framework-a033985\system\Database\BaseConnection.php(392): CodeIgniter\Database\Postgre\Connection->connect(false)
#1 C:\Users\Lenovo\Documents\codeigniter4-framework-a033985\system\Database\BaseConnection.php(575): CodeIgniter\Database\BaseConnection->initialize()
#2 C:\Users\Lenovo\Documents\codeigniter4-framework-a033985\system\Database\BaseBuilder.php(1615): CodeIgniter\Database\BaseConnection->query('SELECT *\nFROM "...', Array, false)
#3 C:\Users\Lenovo\Documents\codeigniter4-framework-a033985\system\Model.php(237): CodeIgniter\Database\BaseBuilder->get()
#4 C:\Users\Lenovo\Documents\codeigniter4-framework-a033985\system\BaseModel.php(624): CodeIgniter\Model->doFindAll(0, 0)
#5 C:\Users\Lenovo\Documents\codeigniter4-framework-a033985\app\Models\Data_model.php(13): CodeIgniter\BaseModel->findAll()
#6 C:\Users\Lenovo\Documents\codeigniter4-framework-a033985\app\Controllers\hamdanasu.php(15): App\Models\Data_model->get_users()
#7 C:\Users\Lenovo\Documents\codeigniter4-framework-a033985\system\CodeIgniter.php(942): App\Controllers\hamdanasu->index()
#8 C:\Users\Lenovo\Documents\codeigniter4-framework-a033985\system\CodeIgniter.php(502): CodeIgniter\CodeIgniter->runController(Object(App\Controllers\hamdanasu))
#9 C:\Users\Lenovo\Documents\codeigniter4-framework-a033985\system\CodeIgniter.php(361): CodeIgniter\CodeIgniter->handleRequest(NULL, Object(Config\Cache), false)
#10 C:\Users\Lenovo\Documents\codeigniter4-framework-a033985\public\index.php(79): CodeIgniter\CodeIgniter->run()
#11 C:\Users\Lenovo\Documents\codeigniter4-framework-a033985\system\Commands\Server\rewrite.php(47): require_once('C:\\Users\\Lenovo...')
#12 {main}
CRITICAL - 2023-12-21 12:47:27 --> Unable to connect to the database.
Main connection [postgre]: Call to undefined function CodeIgniter\Database\Postgre\pg_connect()
in SYSTEMPATH\Database\BaseConnection.php on line 428.
 1 SYSTEMPATH\Database\BaseConnection.php(575): CodeIgniter\Database\BaseConnection->initialize()
 2 SYSTEMPATH\Database\BaseBuilder.php(1615): CodeIgniter\Database\BaseConnection->query('SELECT *
FROM "updatedata"', [], false)
 3 SYSTEMPATH\Model.php(237): CodeIgniter\Database\BaseBuilder->get()
 4 SYSTEMPATH\BaseModel.php(624): CodeIgniter\Model->doFindAll(0, 0)
 5 APPPATH\Models\Data_model.php(13): CodeIgniter\BaseModel->findAll()
 6 APPPATH\Controllers\hamdanasu.php(15): App\Models\Data_model->get_users()
 7 SYSTEMPATH\CodeIgniter.php(942): App\Controllers\hamdanasu->index()
 8 SYSTEMPATH\CodeIgniter.php(502): CodeIgniter\CodeIgniter->runController(Object(App\Controllers\hamdanasu))
 9 SYSTEMPATH\CodeIgniter.php(361): CodeIgniter\CodeIgniter->handleRequest(null, Object(Config\Cache), false)
10 FCPATH\index.php(79): CodeIgniter\CodeIgniter->run()
11 SYSTEMPATH\Commands\Server\rewrite.php(47): require_once('C:\\Users\\Lenovo\\Documents\\codeigniter4-framework-a033985\\public\\index.php')
ERROR - 2023-12-21 17:54:58 --> Error connecting to the database: ErrorException: pg_connect(): Unable to connect to PostgreSQL server: fe_sendauth: no password supplied in C:\Users\Lenovo\Documents\codeigniter4-framework-a033985\system\Database\Postgre\Connection.php:72
Stack trace:
#0 [internal function]: CodeIgniter\Debug\Exceptions->errorHandler(2, 'pg_connect(): U...', 'C:\\Users\\Lenovo...', 72)
#1 C:\Users\Lenovo\Documents\codeigniter4-framework-a033985\system\Database\Postgre\Connection.php(72): pg_connect('host=localhost ...')
#2 C:\Users\Lenovo\Documents\codeigniter4-framework-a033985\system\Database\BaseConnection.php(392): CodeIgniter\Database\Postgre\Connection->connect(false)
#3 C:\Users\Lenovo\Documents\codeigniter4-framework-a033985\system\Database\BaseConnection.php(575): CodeIgniter\Database\BaseConnection->initialize()
#4 C:\Users\Lenovo\Documents\codeigniter4-framework-a033985\system\Database\BaseBuilder.php(1615): CodeIgniter\Database\BaseConnection->query('SELECT *\nFROM "...', Array, false)
#5 C:\Users\Lenovo\Documents\codeigniter4-framework-a033985\system\Model.php(237): CodeIgniter\Database\BaseBuilder->get()
#6 C:\Users\Lenovo\Documents\codeigniter4-framework-a033985\system\BaseModel.php(624): CodeIgniter\Model->doFindAll(0, 0)
#7 C:\Users\Lenovo\Documents\codeigniter4-framework-a033985\app\Models\Tes1Model.php(16): CodeIgniter\BaseModel->findAll()
#8 C:\Users\Lenovo\Documents\codeigniter4-framework-a033985\app\Controllers\Tes1.php(12): App\Models\Tes1Model->getData()
#9 C:\Users\Lenovo\Documents\codeigniter4-framework-a033985\system\CodeIgniter.php(942): App\Controllers\Tes1->index()
#10 C:\Users\Lenovo\Documents\codeigniter4-framework-a033985\system\CodeIgniter.php(502): CodeIgniter\CodeIgniter->runController(Object(App\Controllers\Tes1))
#11 C:\Users\Lenovo\Documents\codeigniter4-framework-a033985\system\CodeIgniter.php(361): CodeIgniter\CodeIgniter->handleRequest(NULL, Object(Config\Cache), false)
#12 C:\Users\Lenovo\Documents\codeigniter4-framework-a033985\public\index.php(79): CodeIgniter\CodeIgniter->run()
#13 C:\Users\Lenovo\Documents\codeigniter4-framework-a033985\system\Commands\Server\rewrite.php(47): require_once('C:\\Users\\Lenovo...')
#14 {main}
CRITICAL - 2023-12-21 17:54:58 --> Unable to connect to the database.
Main connection [postgre]: pg_connect(): Unable to connect to PostgreSQL server: fe_sendauth: no password supplied
in SYSTEMPATH\Database\BaseConnection.php on line 428.
 1 SYSTEMPATH\Database\BaseConnection.php(575): CodeIgniter\Database\BaseConnection->initialize()
 2 SYSTEMPATH\Database\BaseBuilder.php(1615): CodeIgniter\Database\BaseConnection->query('SELECT *
FROM "data1"', [], false)
 3 SYSTEMPATH\Model.php(237): CodeIgniter\Database\BaseBuilder->get()
 4 SYSTEMPATH\BaseModel.php(624): CodeIgniter\Model->doFindAll(0, 0)
 5 APPPATH\Models\Tes1Model.php(16): CodeIgniter\BaseModel->findAll()
 6 APPPATH\Controllers\Tes1.php(12): App\Models\Tes1Model->getData()
 7 SYSTEMPATH\CodeIgniter.php(942): App\Controllers\Tes1->index()
 8 SYSTEMPATH\CodeIgniter.php(502): CodeIgniter\CodeIgniter->runController(Object(App\Controllers\Tes1))
 9 SYSTEMPATH\CodeIgniter.php(361): CodeIgniter\CodeIgniter->handleRequest(null, Object(Config\Cache), false)
10 FCPATH\index.php(79): CodeIgniter\CodeIgniter->run()
11 SYSTEMPATH\Commands\Server\rewrite.php(47): require_once('C:\\Users\\Lenovo\\Documents\\codeigniter4-framework-a033985\\public\\index.php')
ERROR - 2023-12-21 17:56:12 --> Error connecting to the database: ErrorException: pg_connect(): Unable to connect to PostgreSQL server: fe_sendauth: no password supplied in C:\Users\Lenovo\Documents\codeigniter4-framework-a033985\system\Database\Postgre\Connection.php:72
Stack trace:
#0 [internal function]: CodeIgniter\Debug\Exceptions->errorHandler(2, 'pg_connect(): U...', 'C:\\Users\\Lenovo...', 72)
#1 C:\Users\Lenovo\Documents\codeigniter4-framework-a033985\system\Database\Postgre\Connection.php(72): pg_connect('host=localhost ...')
#2 C:\Users\Lenovo\Documents\codeigniter4-framework-a033985\system\Database\BaseConnection.php(392): CodeIgniter\Database\Postgre\Connection->connect(false)
#3 C:\Users\Lenovo\Documents\codeigniter4-framework-a033985\system\Database\BaseConnection.php(575): CodeIgniter\Database\BaseConnection->initialize()
#4 C:\Users\Lenovo\Documents\codeigniter4-framework-a033985\system\Database\BaseBuilder.php(1615): CodeIgniter\Database\BaseConnection->query('SELECT *\nFROM "...', Array, false)
#5 C:\Users\Lenovo\Documents\codeigniter4-framework-a033985\system\Model.php(237): CodeIgniter\Database\BaseBuilder->get()
#6 C:\Users\Lenovo\Documents\codeigniter4-framework-a033985\system\BaseModel.php(624): CodeIgniter\Model->doFindAll(0, 0)
#7 C:\Users\Lenovo\Documents\codeigniter4-framework-a033985\app\Models\Tes1Model.php(16): CodeIgniter\BaseModel->findAll()
#8 C:\Users\Lenovo\Documents\codeigniter4-framework-a033985\app\Controllers\Tes1.php(12): App\Models\Tes1Model->getData()
#9 C:\Users\Lenovo\Documents\codeigniter4-framework-a033985\system\CodeIgniter.php(942): App\Controllers\Tes1->index()
#10 C:\Users\Lenovo\Documents\codeigniter4-framework-a033985\system\CodeIgniter.php(502): CodeIgniter\CodeIgniter->runController(Object(App\Controllers\Tes1))
#11 C:\Users\Lenovo\Documents\codeigniter4-framework-a033985\system\CodeIgniter.php(361): CodeIgniter\CodeIgniter->handleRequest(NULL, Object(Config\Cache), false)
#12 C:\Users\Lenovo\Documents\codeigniter4-framework-a033985\public\index.php(79): CodeIgniter\CodeIgniter->run()
#13 C:\Users\Lenovo\Documents\codeigniter4-framework-a033985\system\Commands\Server\rewrite.php(47): require_once('C:\\Users\\Lenovo...')
#14 {main}
CRITICAL - 2023-12-21 17:56:12 --> Unable to connect to the database.
Main connection [postgre]: pg_connect(): Unable to connect to PostgreSQL server: fe_sendauth: no password supplied
in SYSTEMPATH\Database\BaseConnection.php on line 428.
 1 SYSTEMPATH\Database\BaseConnection.php(575): CodeIgniter\Database\BaseConnection->initialize()
 2 SYSTEMPATH\Database\BaseBuilder.php(1615): CodeIgniter\Database\BaseConnection->query('SELECT *
FROM "data1"', [], false)
 3 SYSTEMPATH\Model.php(237): CodeIgniter\Database\BaseBuilder->get()
 4 SYSTEMPATH\BaseModel.php(624): CodeIgniter\Model->doFindAll(0, 0)
 5 APPPATH\Models\Tes1Model.php(16): CodeIgniter\BaseModel->findAll()
 6 APPPATH\Controllers\Tes1.php(12): App\Models\Tes1Model->getData()
 7 SYSTEMPATH\CodeIgniter.php(942): App\Controllers\Tes1->index()
 8 SYSTEMPATH\CodeIgniter.php(502): CodeIgniter\CodeIgniter->runController(Object(App\Controllers\Tes1))
 9 SYSTEMPATH\CodeIgniter.php(361): CodeIgniter\CodeIgniter->handleRequest(null, Object(Config\Cache), false)
10 FCPATH\index.php(79): CodeIgniter\CodeIgniter->run()
11 SYSTEMPATH\Commands\Server\rewrite.php(47): require_once('C:\\Users\\Lenovo\\Documents\\codeigniter4-framework-a033985\\public\\index.php')
ERROR - 2023-12-21 17:56:23 --> Error connecting to the database: ErrorException: pg_connect(): Unable to connect to PostgreSQL server: fe_sendauth: no password supplied in C:\Users\Lenovo\Documents\codeigniter4-framework-a033985\system\Database\Postgre\Connection.php:72
Stack trace:
#0 [internal function]: CodeIgniter\Debug\Exceptions->errorHandler(2, 'pg_connect(): U...', 'C:\\Users\\Lenovo...', 72)
#1 C:\Users\Lenovo\Documents\codeigniter4-framework-a033985\system\Database\Postgre\Connection.php(72): pg_connect('host=localhost ...')
#2 C:\Users\Lenovo\Documents\codeigniter4-framework-a033985\system\Database\BaseConnection.php(392): CodeIgniter\Database\Postgre\Connection->connect(false)
#3 C:\Users\Lenovo\Documents\codeigniter4-framework-a033985\system\Database\BaseConnection.php(575): CodeIgniter\Database\BaseConnection->initialize()
#4 C:\Users\Lenovo\Documents\codeigniter4-framework-a033985\system\Database\BaseBuilder.php(1615): CodeIgniter\Database\BaseConnection->query('SELECT *\nFROM "...', Array, false)
#5 C:\Users\Lenovo\Documents\codeigniter4-framework-a033985\system\Model.php(237): CodeIgniter\Database\BaseBuilder->get()
#6 C:\Users\Lenovo\Documents\codeigniter4-framework-a033985\system\BaseModel.php(624): CodeIgniter\Model->doFindAll(0, 0)
#7 C:\Users\Lenovo\Documents\codeigniter4-framework-a033985\app\Models\Tes1Model.php(16): CodeIgniter\BaseModel->findAll()
#8 C:\Users\Lenovo\Documents\codeigniter4-framework-a033985\app\Controllers\Tes1.php(12): App\Models\Tes1Model->getData()
#9 C:\Users\Lenovo\Documents\codeigniter4-framework-a033985\system\CodeIgniter.php(942): App\Controllers\Tes1->index()
#10 C:\Users\Lenovo\Documents\codeigniter4-framework-a033985\system\CodeIgniter.php(502): CodeIgniter\CodeIgniter->runController(Object(App\Controllers\Tes1))
#11 C:\Users\Lenovo\Documents\codeigniter4-framework-a033985\system\CodeIgniter.php(361): CodeIgniter\CodeIgniter->handleRequest(NULL, Object(Config\Cache), false)
#12 C:\Users\Lenovo\Documents\codeigniter4-framework-a033985\public\index.php(79): CodeIgniter\CodeIgniter->run()
#13 C:\Users\Lenovo\Documents\codeigniter4-framework-a033985\system\Commands\Server\rewrite.php(47): require_once('C:\\Users\\Lenovo...')
#14 {main}
CRITICAL - 2023-12-21 17:56:23 --> Unable to connect to the database.
Main connection [postgre]: pg_connect(): Unable to connect to PostgreSQL server: fe_sendauth: no password supplied
in SYSTEMPATH\Database\BaseConnection.php on line 428.
 1 SYSTEMPATH\Database\BaseConnection.php(575): CodeIgniter\Database\BaseConnection->initialize()
 2 SYSTEMPATH\Database\BaseBuilder.php(1615): CodeIgniter\Database\BaseConnection->query('SELECT *
FROM "data1"', [], false)
 3 SYSTEMPATH\Model.php(237): CodeIgniter\Database\BaseBuilder->get()
 4 SYSTEMPATH\BaseModel.php(624): CodeIgniter\Model->doFindAll(0, 0)
 5 APPPATH\Models\Tes1Model.php(16): CodeIgniter\BaseModel->findAll()
 6 APPPATH\Controllers\Tes1.php(12): App\Models\Tes1Model->getData()
 7 SYSTEMPATH\CodeIgniter.php(942): App\Controllers\Tes1->index()
 8 SYSTEMPATH\CodeIgniter.php(502): CodeIgniter\CodeIgniter->runController(Object(App\Controllers\Tes1))
 9 SYSTEMPATH\CodeIgniter.php(361): CodeIgniter\CodeIgniter->handleRequest(null, Object(Config\Cache), false)
10 FCPATH\index.php(79): CodeIgniter\CodeIgniter->run()
11 SYSTEMPATH\Commands\Server\rewrite.php(47): require_once('C:\\Users\\Lenovo\\Documents\\codeigniter4-framework-a033985\\public\\index.php')
ERROR - 2023-12-21 18:08:30 --> Error connecting to the database: ErrorException: pg_connect(): Unable to connect to PostgreSQL server: fe_sendauth: no password supplied in C:\Users\Lenovo\Documents\codeigniter4-framework-a033985\system\Database\Postgre\Connection.php:72
Stack trace:
#0 [internal function]: CodeIgniter\Debug\Exceptions->errorHandler(2, 'pg_connect(): U...', 'C:\\Users\\Lenovo...', 72)
#1 C:\Users\Lenovo\Documents\codeigniter4-framework-a033985\system\Database\Postgre\Connection.php(72): pg_connect('host=localhost ...')
#2 C:\Users\Lenovo\Documents\codeigniter4-framework-a033985\system\Database\BaseConnection.php(392): CodeIgniter\Database\Postgre\Connection->connect(false)
#3 C:\Users\Lenovo\Documents\codeigniter4-framework-a033985\system\Database\BaseConnection.php(575): CodeIgniter\Database\BaseConnection->initialize()
#4 C:\Users\Lenovo\Documents\codeigniter4-framework-a033985\system\Database\BaseBuilder.php(1615): CodeIgniter\Database\BaseConnection->query('SELECT *\nFROM "...', Array, false)
#5 C:\Users\Lenovo\Documents\codeigniter4-framework-a033985\system\Model.php(237): CodeIgniter\Database\BaseBuilder->get()
#6 C:\Users\Lenovo\Documents\codeigniter4-framework-a033985\system\BaseModel.php(624): CodeIgniter\Model->doFindAll(0, 0)
#7 C:\Users\Lenovo\Documents\codeigniter4-framework-a033985\app\Models\Tes1Model.php(16): CodeIgniter\BaseModel->findAll()
#8 C:\Users\Lenovo\Documents\codeigniter4-framework-a033985\app\Controllers\Tes1.php(12): App\Models\Tes1Model->getData()
#9 C:\Users\Lenovo\Documents\codeigniter4-framework-a033985\system\CodeIgniter.php(942): App\Controllers\Tes1->index()
#10 C:\Users\Lenovo\Documents\codeigniter4-framework-a033985\system\CodeIgniter.php(502): CodeIgniter\CodeIgniter->runController(Object(App\Controllers\Tes1))
#11 C:\Users\Lenovo\Documents\codeigniter4-framework-a033985\system\CodeIgniter.php(361): CodeIgniter\CodeIgniter->handleRequest(NULL, Object(Config\Cache), false)
#12 C:\Users\Lenovo\Documents\codeigniter4-framework-a033985\public\index.php(79): CodeIgniter\CodeIgniter->run()
#13 C:\Users\Lenovo\Documents\codeigniter4-framework-a033985\system\Commands\Server\rewrite.php(47): require_once('C:\\Users\\Lenovo...')
#14 {main}
CRITICAL - 2023-12-21 18:08:30 --> Unable to connect to the database.
Main connection [postgre]: pg_connect(): Unable to connect to PostgreSQL server: fe_sendauth: no password supplied
in SYSTEMPATH\Database\BaseConnection.php on line 428.
 1 SYSTEMPATH\Database\BaseConnection.php(575): CodeIgniter\Database\BaseConnection->initialize()
 2 SYSTEMPATH\Database\BaseBuilder.php(1615): CodeIgniter\Database\BaseConnection->query('SELECT *
FROM "data1"', [], false)
 3 SYSTEMPATH\Model.php(237): CodeIgniter\Database\BaseBuilder->get()
 4 SYSTEMPATH\BaseModel.php(624): CodeIgniter\Model->doFindAll(0, 0)
 5 APPPATH\Models\Tes1Model.php(16): CodeIgniter\BaseModel->findAll()
 6 APPPATH\Controllers\Tes1.php(12): App\Models\Tes1Model->getData()
 7 SYSTEMPATH\CodeIgniter.php(942): App\Controllers\Tes1->index()
 8 SYSTEMPATH\CodeIgniter.php(502): CodeIgniter\CodeIgniter->runController(Object(App\Controllers\Tes1))
 9 SYSTEMPATH\CodeIgniter.php(361): CodeIgniter\CodeIgniter->handleRequest(null, Object(Config\Cache), false)
10 FCPATH\index.php(79): CodeIgniter\CodeIgniter->run()
11 SYSTEMPATH\Commands\Server\rewrite.php(47): require_once('C:\\Users\\Lenovo\\Documents\\codeigniter4-framework-a033985\\public\\index.php')
